app/manifest-merger-release-report.txt
-- Merging decision tree log ---
manifest
ADDED from AndroidManifest.xml:2:1
	xmlns:android
		ADDED from AndroidManifest.xml:2:11
	package
		ADDED from AndroidManifest.xml:3:5
		INJECTED from AndroidManifest.xml:0:0
		INJECTED from AndroidManifest.xml:0:0
	android:versionName
		INJECTED from AndroidManifest.xml:0:0
		INJECTED from AndroidManifest.xml:0:0
	android:versionCode
		INJECTED from AndroidManifest.xml:0:0
		INJECTED from AndroidManifest.xml:0:0
uses-permission#android.permission.INTERNET
ADDED from AndroidManifest.xml:5:5
MERGED from Chat:IMKit:unspecified:12:5
	android:name
		ADDED from AndroidManifest.xml:5:22
application
ADDED from AndroidManifest.xml:7:5
MERGED from Chat:IMKit:unspecified:34:5
MERGED from com.android.support:appcompat-v7:23.1.1:22:5
MERGED from com.android.support:support-v4:23.1.1:22:5
	android:label
		ADDED from AndroidManifest.xml:11:9
	android:allowBackup
		ADDED from AndroidManifest.xml:8:9
	android:icon
		ADDED from AndroidManifest.xml:9:9
	android:theme
		ADDED from AndroidManifest.xml:12:9
	android:name
		ADDED from AndroidManifest.xml:10:9
activity#com.hechao.chat.MainActivity
ADDED from AndroidManifest.xml:13:9
	android:label
		ADDED from AndroidManifest.xml:15:13
	android:name
		ADDED from AndroidManifest.xml:14:13
activity#com.hechao.chat.AddFriendActivity
ADDED from AndroidManifest.xml:24:9
	android:name
		ADDED from AndroidManifest.xml:24:19
activity#com.hechao.chat.FriendListActivity
ADDED from AndroidManifest.xml:27:9
	android:name
		ADDED from AndroidManifest.xml:27:19
activity#com.hechao.chat.ConversationAcivity
ADDED from AndroidManifest.xml:28:9
	android:name
		ADDED from AndroidManifest.xml:28:19
intent-filter#android.intent.action.VIEW+android.intent.category.DEFAULT
ADDED from AndroidManifest.xml:29:13
action#android.intent.action.VIEW
ADDED from AndroidManifest.xml:30:17
	android:name
		ADDED from AndroidManifest.xml:30:25
category#android.intent.category.DEFAULT
ADDED from AndroidManifest.xml:31:17
	android:name
		ADDED from AndroidManifest.xml:31:27
data
ADDED from AndroidManifest.xml:33:17
	android:host
		ADDED from AndroidManifest.xml:34:21
	android:pathPrefix
		ADDED from AndroidManifest.xml:35:21
	android:scheme
		ADDED from AndroidManifest.xml:36:21
activity#com.hechao.chat.LoginActivity
ADDED from AndroidManifest.xml:42:9
	android:name
		ADDED from AndroidManifest.xml:42:19
intent-filter#android.intent.action.MAIN+android.intent.category.LAUNCHER
ADDED from AndroidManifest.xml:45:13
action#android.intent.action.MAIN
ADDED from AndroidManifest.xml:46:17
	android:name
		ADDED from AndroidManifest.xml:46:25
category#android.intent.category.LAUNCHER
ADDED from AndroidManifest.xml:48:17
	android:name
		ADDED from AndroidManifest.xml:48:27
activity#com.hechao.chat.ConversationListActivity
ADDED from AndroidManifest.xml:56:9
	android:name
		ADDED from AndroidManifest.xml:56:19
uses-sdk
INJECTED from AndroidManifest.xml:0:0 reason: use-sdk injection requested
MERGED from Chat:IMKit:unspecified:7:5
MERGED from com.android.support:appcompat-v7:23.1.1:20:5
MERGED from com.android.support:support-v4:23.1.1:20:5
	android:targetSdkVersion
		INJECTED from AndroidManifest.xml:0:0
		INJECTED from AndroidManifest.xml:0:0
	android:minSdkVersion
		INJECTED from AndroidManifest.xml:0:0
		INJECTED from AndroidManifest.xml:0:0
uses-permission#android.permission.WRITE_EXTERNAL_STORAGE
ADDED from Chat:IMKit:unspecified:11:5
	android:name
		ADDED from Chat:IMKit:unspecified:11:22
uses-permission#android.permission.ACCESS_COARSE_LOCATION
ADDED from Chat:IMKit:unspecified:13:5
	android:name
		ADDED from Chat:IMKit:unspecified:13:22
uses-permission#android.permission.READ_PHONE_STATE
ADDED from Chat:IMKit:unspecified:15:5
	android:name
		ADDED from Chat:IMKit:unspecified:15:22
uses-permission#android.permission.GET_TASKS
ADDED from Chat:IMKit:unspecified:16:5
	android:name
		ADDED from Chat:IMKit:unspecified:16:22
uses-permission#android.permission.INTERACT_ACROSS_USERS_FULL
ADDED from Chat:IMKit:unspecified:17:5
	android:name
		ADDED from Chat:IMKit:unspecified:17:22
uses-permission#android.permission.ACCESS_WIFI_STATE
ADDED from Chat:IMKit:unspecified:20:5
	android:name
		ADDED from Chat:IMKit:unspecified:20:22
uses-permission#android.permission.ACCESS_NETWORK_STATE
ADDED from Chat:IMKit:unspecified:22:5
	android:name
		ADDED from Chat:IMKit:unspecified:22:22
uses-permission#android.permission.CAMERA
ADDED from Chat:IMKit:unspecified:23:5
	android:name
		ADDED from Chat:IMKit:unspecified:23:22
uses-permission#android.permission.RECORD_AUDIO
ADDED from Chat:IMKit:unspecified:25:5
	android:name
		ADDED from Chat:IMKit:unspecified:25:22
uses-permission#android.permission.VIBRATE
ADDED from Chat:IMKit:unspecified:27:5
	android:name
		ADDED from Chat:IMKit:unspecified:27:22
uses-permission#android.permission.WAKE_LOCK
ADDED from Chat:IMKit:unspecified:29:5
	android:name
		ADDED from Chat:IMKit:unspecified:29:22
uses-permission#android.permission.WRITE_SETTINGS
ADDED from Chat:IMKit:unspecified:30:5
	android:name
		ADDED from Chat:IMKit:unspecified:30:22
uses-permission#android.permission.MODIFY_AUDIO_SETTINGS
ADDED from Chat:IMKit:unspecified:31:5
	android:name
		ADDED from Chat:IMKit:unspecified:31:22
uses-permission#android.permission.RECEIVE_BOOT_COMPLETED
ADDED from Chat:IMKit:unspecified:32:5
	android:name
		ADDED from Chat:IMKit:unspecified:32:22
service#io.rong.push.PushService
ADDED from Chat:IMKit:unspecified:38:9
	android:process
		ADDED from Chat:IMKit:unspecified:40:13
	android:name
		ADDED from Chat:IMKit:unspecified:39:13
intent-filter#android.intent.category.DEFAULT+io.rong.push
ADDED from Chat:IMKit:unspecified:42:13
action#io.rong.push
ADDED from Chat:IMKit:unspecified:45:17
	android:name
		ADDED from Chat:IMKit:unspecified:45:25
service#io.rong.push.CommandService
ADDED from Chat:IMKit:unspecified:48:9
	android:process
		ADDED from Chat:IMKit:unspecified:50:13
	android:name
		ADDED from Chat:IMKit:unspecified:49:13
intent-filter#android.intent.category.DEFAULT+io.rong.command
ADDED from Chat:IMKit:unspecified:52:13
action#io.rong.command
ADDED from Chat:IMKit:unspecified:55:17
	android:name
		ADDED from Chat:IMKit:unspecified:55:25
receiver#io.rong.push.PushReceiver
ADDED from Chat:IMKit:unspecified:59:9
	android:process
		ADDED from Chat:IMKit:unspecified:61:13
	android:name
		ADDED from Chat:IMKit:unspecified:60:13
intent-filter#io.rong.imlib.action.push.heartbeat
ADDED from Chat:IMKit:unspecified:63:13
action#io.rong.imlib.action.push.heartbeat
ADDED from Chat:IMKit:unspecified:64:17
	android:name
		ADDED from Chat:IMKit:unspecified:64:25
intent-filter#android.net.conn.CONNECTIVITY_CHANGE
ADDED from Chat:IMKit:unspecified:66:13
action#android.net.conn.CONNECTIVITY_CHANGE
ADDED from Chat:IMKit:unspecified:67:17
	android:name
		ADDED from Chat:IMKit:unspecified:67:25
intent-filter#android.intent.action.BOOT_COMPLETED
ADDED from Chat:IMKit:unspecified:69:13
action#android.intent.action.BOOT_COMPLETED
ADDED from Chat:IMKit:unspecified:70:17
	android:name
		ADDED from Chat:IMKit:unspecified:70:25
intent-filter#android.intent.action.ACTION_POWER_CONNECTED+android.intent.action.ACTION_POWER_DISCONNECTED+android.intent.action.USER_PRESENT
ADDED from Chat:IMKit:unspecified:72:13
action#android.intent.action.USER_PRESENT
ADDED from Chat:IMKit:unspecified:73:17
	android:name
		ADDED from Chat:IMKit:unspecified:73:25
action#android.intent.action.ACTION_POWER_CONNECTED
ADDED from Chat:IMKit:unspecified:74:17
	android:name
		ADDED from Chat:IMKit:unspecified:74:25
action#android.intent.action.ACTION_POWER_DISCONNECTED
ADDED from Chat:IMKit:unspecified:75:17
	android:name
		ADDED from Chat:IMKit:unspecified:75:25
intent-filter#android.intent.action.PACKAGE_REMOVED
ADDED from Chat:IMKit:unspecified:77:13
action#android.intent.action.PACKAGE_REMOVED
ADDED from Chat:IMKit:unspecified:78:17
	android:name
		ADDED from Chat:IMKit:unspecified:78:25
activity#io.rong.imkit.tools.SelectPictureActivity
ADDED from Chat:IMKit:unspecified:84:9
	android:screenOrientation
		ADDED from Chat:IMKit:unspecified:86:13
	android:name
		ADDED from Chat:IMKit:unspecified:85:13
activity#io.rong.imkit.tools.PreviewPictureActivity
ADDED from Chat:IMKit:unspecified:87:9
	android:screenOrientation
		ADDED from Chat:IMKit:unspecified:89:13
	android:name
		ADDED from Chat:IMKit:unspecified:88:13
activity#io.rong.imkit.tools.RongWebviewActivity
ADDED from Chat:IMKit:unspecified:90:9
	android:screenOrientation
		ADDED from Chat:IMKit:unspecified:92:13
	android:name
		ADDED from Chat:IMKit:unspecified:91:13
activity#io.rong.imkit.widget.provider.TakingPicturesActivity
ADDED from Chat:IMKit:unspecified:93:9
	android:screenOrientation
		ADDED from Chat:IMKit:unspecified:96:13
	android:configChanges
		ADDED from Chat:IMKit:unspecified:95:13
	android:name
		ADDED from Chat:IMKit:unspecified:94:13
service#io.rong.imlib.ipc.RongService
ADDED from Chat:IMKit:unspecified:98:9
	android:process
		ADDED from Chat:IMKit:unspecified:100:13
	android:name
		ADDED from Chat:IMKit:unspecified:99:13
service#io.rong.imlib.ReConnectService
ADDED from Chat:IMKit:unspecified:102:9
	android:name
		ADDED from Chat:IMKit:unspecified:102:18
receiver#io.rong.imlib.ConnectChangeReceiver
ADDED from Chat:IMKit:unspecified:104:9
	android:name
		ADDED from Chat:IMKit:unspecified:104:19
receiver#io.rong.imlib.ipc.PushMessageReceiver
ADDED from Chat:IMKit:unspecified:105:9
	android:name
		ADDED from Chat:IMKit:unspecified:105:19
intent-filter#io.rong.push.message
ADDED from Chat:IMKit:unspecified:106:13
action#io.rong.push.message
ADDED from Chat:IMKit:unspecified:107:17
	android:name
		ADDED from Chat:IMKit:unspecified:107:25
receiver#io.rong.imlib.HeartbeatReceiver
ADDED from Chat:IMKit:unspecified:110:9
	android:process
		ADDED from Chat:IMKit:unspecified:112:13
	android:name
		ADDED from Chat:IMKit:unspecified:111:13
meta-data#RONG_CLOUD_APP_KEY
ADDED from Chat:IMKit:unspecified:114:9
	android:name
		ADDED from Chat:IMKit:unspecified:115:13
	android:value
		ADDED from Chat:IMKit:unspecified:116:13
android:uses-permission#android.permission.READ_EXTERNAL_STORAGE
IMPLIED from AndroidManifest.xml:2:1 reason: io.rong.imkit requested WRITE_EXTERNAL_STORAGE